Logfile initialized
[INFO] logfile = /Users/fusion94/Documents/Clients/Appcelerator/Code/KitchenSink-Nook/build.log
[DEBUG] /Library/Application Support/Titanium/mobilesdk/osx/1.7.2/android/builder.py install KitchenSink-Nook /Developer/Android/android-sdk-mac_x86 /Users/fusion94/Documents/Clients/Appcelerator/Code/KitchenSink-Nook com.appcelerator.kitchensinknook 8
[INFO] Titanium SDK version: 1.7.2 (07/21/11 09:36 97c3689)
[DEBUG] Waiting for device to be ready ...
[TRACE] adb devices returned 1 devices/emulators
[DEBUG] Device connected... (waited 0 seconds)
[DEBUG] waited 0.012541 seconds on emulator to get ready
[DEBUG] com.appcelerator.kitchensinknook installed? False
[INFO] Copying project resources..
[INFO] Tiapp.xml unchanged, skipping class generation
[DEBUG] Processing Android resource drawables
[DEBUG] found special platform files dir = /Users/fusion94/Documents/Clients/Appcelerator/Code/KitchenSink-Nook/platform/android
[DEBUG] found drawable-long-land-hdpi splash screen at /Users/fusion94/Documents/Clients/Appcelerator/Code/KitchenSink-Nook/Resources/android/images/res-long-land-hdpi/default.png
[DEBUG] found drawable-long-land-ldpi splash screen at /Users/fusion94/Documents/Clients/Appcelerator/Code/KitchenSink-Nook/Resources/android/images/res-long-land-ldpi/default.png
[DEBUG] found drawable-long-port-hdpi splash screen at /Users/fusion94/Documents/Clients/Appcelerator/Code/KitchenSink-Nook/Resources/android/images/res-long-port-hdpi/default.png
[DEBUG] found drawable-long-port-ldpi splash screen at /Users/fusion94/Documents/Clients/Appcelerator/Code/KitchenSink-Nook/Resources/android/images/res-long-port-ldpi/default.png
[DEBUG] found drawable-notlong-land-hdpi splash screen at /Users/fusion94/Documents/Clients/Appcelerator/Code/KitchenSink-Nook/Resources/android/images/res-notlong-land-hdpi/default.png
[DEBUG] found drawable-notlong-land-ldpi splash screen at /Users/fusion94/Documents/Clients/Appcelerator/Code/KitchenSink-Nook/Resources/android/images/res-notlong-land-ldpi/default.png
[DEBUG] found drawable-notlong-land-mdpi splash screen at /Users/fusion94/Documents/Clients/Appcelerator/Code/KitchenSink-Nook/Resources/android/images/res-notlong-land-mdpi/default.png
[DEBUG] found drawable-notlong-port-hdpi splash screen at /Users/fusion94/Documents/Clients/Appcelerator/Code/KitchenSink-Nook/Resources/android/images/res-notlong-port-hdpi/default.png
[DEBUG] found drawable-notlong-port-ldpi splash screen at /Users/fusion94/Documents/Clients/Appcelerator/Code/KitchenSink-Nook/Resources/android/images/res-notlong-port-ldpi/default.png
[DEBUG] found drawable-notlong-port-mdpi splash screen at /Users/fusion94/Documents/Clients/Appcelerator/Code/KitchenSink-Nook/Resources/android/images/res-notlong-port-mdpi/default.png
[INFO] Detected custom ApplicationManifest.xml -- no Titanium version migration supported
[TRACE] Writing out AndroidManifest.xml
[DEBUG] adding /Users/fusion94/Documents/Clients/Appcelerator/Code/KitchenSink-Nook/build/android/gen/com/appcelerator/kitchensinknook/R.java to javac build list
[DEBUG] Building Java Sources: "/Users/fusion94/Documents/Clients/Appcelerator/Code/KitchenSink-Nook/build/android/gen/com/appcelerator/kitchensinknook/R.java"
[INFO] Compiling Android Resources... This could take some time
[DEBUG] Android classes.dex built
[DEBUG] creating unsigned apk: /Users/fusion94/Documents/Clients/Appcelerator/Code/KitchenSink-Nook/build/android/bin/app-unsigned.apk
[DEBUG] from resource zip => assets/Resources/examples/2d_transform.js
[DEBUG] from resource zip => assets/Resources/examples/3d_transform.js
[DEBUG] from resource zip => assets/Resources/examples/accelerometer.js
[DEBUG] from resource zip => assets/Resources/examples/activity_indicator.js
[DEBUG] from resource zip => assets/Resources/examples/add_show_views.js
[DEBUG] from resource zip => assets/Resources/examples/alert.js
[DEBUG] from resource zip => assets/Resources/examples/anchor_point.js
[DEBUG] from resource zip => assets/Resources/examples/android_hide_softkeyboard.js
[DEBUG] from resource zip => assets/Resources/examples/android_menu_1.js
[DEBUG] from resource zip => assets/Resources/examples/android_menu_2.js
[DEBUG] from resource zip => assets/Resources/examples/android_menu_3.js
[DEBUG] from resource zip => assets/Resources/examples/android_menus.js
[DEBUG] from resource zip => assets/Resources/examples/android_services.js
[DEBUG] from resource zip => assets/Resources/examples/android_window_soft_input_mode.js
[DEBUG] from resource zip => assets/Resources/examples/animation.js
[DEBUG] from resource zip => assets/Resources/examples/animation_points.js
[DEBUG] from resource zip => assets/Resources/examples/app_badge.js
[DEBUG] from resource zip => assets/Resources/examples/app_data.js
[DEBUG] from resource zip => assets/Resources/examples/app_events.js
[DEBUG] from resource zip => assets/Resources/examples/basic_animation.js
[DEBUG] from resource zip => assets/Resources/examples/bonjour.js
[DEBUG] from resource zip => assets/Resources/examples/button.js
[DEBUG] from resource zip => assets/Resources/examples/buttonbar.js
[DEBUG] from resource zip => assets/Resources/examples/camera.js
[DEBUG] from resource zip => assets/Resources/examples/camera_ar.js
[DEBUG] from resource zip => assets/Resources/examples/camera_basic.js
[DEBUG] from resource zip => assets/Resources/examples/camera_file.js
[DEBUG] from resource zip => assets/Resources/examples/camera_gallery.js
[DEBUG] from resource zip => assets/Resources/examples/camera_overlay.js
[DEBUG] from resource zip => assets/Resources/examples/camera_overlay_webview.js
[DEBUG] from resource zip => assets/Resources/examples/camera_video.js
[DEBUG] from resource zip => assets/Resources/examples/clipboard.js
[DEBUG] from resource zip => assets/Resources/examples/commonjs.js
[DEBUG] from resource zip => assets/Resources/examples/contacts.js
[DEBUG] from resource zip => assets/Resources/examples/contacts_add.js
[DEBUG] from resource zip => assets/Resources/examples/contacts_db.js
[DEBUG] from resource zip => assets/Resources/examples/contacts_groups.js
[DEBUG] from resource zip => assets/Resources/examples/contacts_image.js
[DEBUG] from resource zip => assets/Resources/examples/contacts_picker.js
[DEBUG] from resource zip => assets/Resources/examples/contacts_remove.js
[DEBUG] from resource zip => assets/Resources/examples/control_animation.js
[DEBUG] from resource zip => assets/Resources/examples/coverflow.js
[DEBUG] from resource zip => assets/Resources/examples/coverflow_remote.js
[DEBUG] from resource zip => assets/Resources/examples/coverflow_replace.js
[DEBUG] from resource zip => assets/Resources/examples/coverflow_view.js
[DEBUG] from resource zip => assets/Resources/examples/custom_events.js
[DEBUG] from resource zip => assets/Resources/examples/custom_fonts.js
[DEBUG] from resource zip => assets/Resources/examples/custom_properties.js
[DEBUG] from resource zip => assets/Resources/examples/custom_properties_2.js
[DEBUG] from resource zip => assets/Resources/examples/dashboard.js
[DEBUG] from resource zip => assets/Resources/examples/database.js
[DEBUG] from resource zip => assets/Resources/examples/database_2.js
[DEBUG] from resource zip => assets/Resources/examples/database_3.js
[DEBUG] from resource zip => assets/Resources/examples/email_dialog.js
[DEBUG] from resource zip => assets/Resources/examples/facebook.js
[DEBUG] from resource zip => assets/Resources/examples/facebook_login_logout.js
[DEBUG] from resource zip => assets/Resources/examples/facebook_photos.js
[DEBUG] from resource zip => assets/Resources/examples/facebook_properties.js
[DEBUG] from resource zip => assets/Resources/examples/facebook_publish_stream.js
[DEBUG] from resource zip => assets/Resources/examples/facebook_query.js
[DEBUG] from resource zip => assets/Resources/examples/filesystem.js
[DEBUG] from resource zip => assets/Resources/examples/foursquare.js
[DEBUG] from resource zip => assets/Resources/examples/geolocation.js
[DEBUG] from resource zip => assets/Resources/examples/gradient.js
[DEBUG] from resource zip => assets/Resources/examples/hi_res_image.js
[DEBUG] from resource zip => assets/Resources/examples/hi_res_image2.js
[DEBUG] from resource zip => assets/Resources/examples/hi_res_image_remote.js
[DEBUG] from resource zip => assets/Resources/examples/horizontal_layout.js
[DEBUG] from resource zip => assets/Resources/examples/html5video.html
[DEBUG] from resource zip => assets/Resources/examples/image_mask.js
[DEBUG] from resource zip => assets/Resources/examples/image_scaling.js
[DEBUG] from resource zip => assets/Resources/examples/image_view_animated.js
[DEBUG] from resource zip => assets/Resources/examples/image_view_basic.js
[DEBUG] from resource zip => assets/Resources/examples/image_view_blob.js
[DEBUG] from resource zip => assets/Resources/examples/image_view_encoding.js
[DEBUG] from resource zip => assets/Resources/examples/image_view_file.js
[DEBUG] from resource zip => assets/Resources/examples/image_view_positioning.js
[DEBUG] from resource zip => assets/Resources/examples/image_view_remote.js
[DEBUG] from resource zip => assets/Resources/examples/image_view_resource.js
[DEBUG] from resource zip => assets/Resources/examples/image_view_scaling.js
[DEBUG] from resource zip => assets/Resources/examples/image_view_toolbar.js
[DEBUG] from resource zip => assets/Resources/examples/image_view_updateimages.js
[DEBUG] from resource zip => assets/Resources/examples/image_views.js
[DEBUG] from resource zip => assets/Resources/examples/ios_sockets.js
[DEBUG] from resource zip => assets/Resources/examples/js_include.js
[DEBUG] from resource zip => assets/Resources/examples/json.js
[DEBUG] from resource zip => assets/Resources/examples/label.js
[DEBUG] from resource zip => assets/Resources/examples/label_basic.js
[DEBUG] from resource zip => assets/Resources/examples/label_linkify.js
[DEBUG] from resource zip => assets/Resources/examples/local_include.js
[DEBUG] from resource zip => assets/Resources/examples/local_webview.html
[DEBUG] from resource zip => assets/Resources/examples/local_webview_pinchzoom.html
[DEBUG] from resource zip => assets/Resources/examples/logging.js
[DEBUG] from resource zip => assets/Resources/examples/map_view.js
[DEBUG] from resource zip => assets/Resources/examples/map_view2.js
[DEBUG] from resource zip => assets/Resources/examples/mixing_views.js
[DEBUG] from resource zip => assets/Resources/examples/mixing_views_1.js
[DEBUG] from resource zip => assets/Resources/examples/modal_windows.js
[DEBUG] from resource zip => assets/Resources/examples/movie.js
[DEBUG] from resource zip => assets/Resources/examples/movie_embed.js
[DEBUG] from resource zip => assets/Resources/examples/movie_local.js
[DEBUG] from resource zip => assets/Resources/examples/movie_remote.js
[DEBUG] from resource zip => assets/Resources/examples/movie_remote2.js
[DEBUG] from resource zip => assets/Resources/examples/music.js
[DEBUG] from resource zip => assets/Resources/examples/navgroup.js
[DEBUG] from resource zip => assets/Resources/examples/network.js
[DEBUG] from resource zip => assets/Resources/examples/notification.js
[DEBUG] from resource zip => assets/Resources/examples/options_dialog.js
[DEBUG] from resource zip => assets/Resources/examples/orientation.js
[DEBUG] from resource zip => assets/Resources/examples/photo_gallery.js
[DEBUG] from resource zip => assets/Resources/examples/photo_gallery_bgimage.js
[DEBUG] from resource zip => assets/Resources/examples/photo_gallery_camera.js
[DEBUG] from resource zip => assets/Resources/examples/photo_gallery_file.js
[DEBUG] from resource zip => assets/Resources/examples/photo_gallery_save.js
[DEBUG] from resource zip => assets/Resources/examples/photo_gallery_video.js
[DEBUG] from resource zip => assets/Resources/examples/photo_gallery_xhr.js
[DEBUG] from resource zip => assets/Resources/examples/picker.js
[DEBUG] from resource zip => assets/Resources/examples/picker_android_spinner_date.js
[DEBUG] from resource zip => assets/Resources/examples/picker_android_spinner_text.js
[DEBUG] from resource zip => assets/Resources/examples/picker_android_spinner_text2.js
[DEBUG] from resource zip => assets/Resources/examples/picker_android_spinner_time.js
[DEBUG] from resource zip => assets/Resources/examples/picker_android_spinner_time2.js
[DEBUG] from resource zip => assets/Resources/examples/picker_basic.js
[DEBUG] from resource zip => assets/Resources/examples/picker_basic2.js
[DEBUG] from resource zip => assets/Resources/examples/picker_custom1.js
[DEBUG] from resource zip => assets/Resources/examples/picker_custom2.js
[DEBUG] from resource zip => assets/Resources/examples/picker_date1.js
[DEBUG] from resource zip => assets/Resources/examples/picker_date2.js
[DEBUG] from resource zip => assets/Resources/examples/picker_date3.js
[DEBUG] from resource zip => assets/Resources/examples/picker_date4.js
[DEBUG] from resource zip => assets/Resources/examples/picker_multicolumn1.js
[DEBUG] from resource zip => assets/Resources/examples/picker_multicolumn2.js
[DEBUG] from resource zip => assets/Resources/examples/picker_noselection.js
[DEBUG] from resource zip => assets/Resources/examples/picker_singlecolumn1.js
[DEBUG] from resource zip => assets/Resources/examples/picker_singlecolumn2.js
[DEBUG] from resource zip => assets/Resources/examples/picker_singlecolumn3.js
[DEBUG] from resource zip => assets/Resources/examples/platform.js
[DEBUG] from resource zip => assets/Resources/examples/preferences.js
[DEBUG] from resource zip => assets/Resources/examples/progress_bar.js
[DEBUG] from resource zip => assets/Resources/examples/properties.js
[DEBUG] from resource zip => assets/Resources/examples/push_notification.js
[DEBUG] from resource zip => assets/Resources/examples/record_video.js
[DEBUG] from resource zip => assets/Resources/examples/remove_views.js
[DEBUG] from resource zip => assets/Resources/examples/route.csv
[DEBUG] from resource zip => assets/Resources/examples/rss.js
[DEBUG] from resource zip => assets/Resources/examples/screenshot.js
[DEBUG] from resource zip => assets/Resources/examples/scroll_views.js
[DEBUG] from resource zip => assets/Resources/examples/scroll_views_basic.js
[DEBUG] from resource zip => assets/Resources/examples/scroll_views_many.js
[DEBUG] from resource zip => assets/Resources/examples/scroll_views_scaling.js
[DEBUG] from resource zip => assets/Resources/examples/scroll_views_scrollable.js
[DEBUG] from resource zip => assets/Resources/examples/scroll_views_tabs.js
[DEBUG] from resource zip => assets/Resources/examples/scroll_views_textareas.js
[DEBUG] from resource zip => assets/Resources/examples/scroll_views_without_clipping.js
[DEBUG] from resource zip => assets/Resources/examples/search_case_insensitive.js
[DEBUG] from resource zip => assets/Resources/examples/searchbar.js
[DEBUG] from resource zip => assets/Resources/examples/set_interval.js
[DEBUG] from resource zip => assets/Resources/examples/set_timeout.js
[DEBUG] from resource zip => assets/Resources/examples/shake.js
[DEBUG] from resource zip => assets/Resources/examples/slider.js
[DEBUG] from resource zip => assets/Resources/examples/slider_basic.js
[DEBUG] from resource zip => assets/Resources/examples/slider_min_max.js
[DEBUG] from resource zip => assets/Resources/examples/slider_range.js
[DEBUG] from resource zip => assets/Resources/examples/soap.js
[DEBUG] from resource zip => assets/Resources/examples/soap_client_library.js
[DEBUG] from resource zip => assets/Resources/examples/socket_connect.js
[DEBUG] from resource zip => assets/Resources/examples/socket_listener.js
[DEBUG] from resource zip => assets/Resources/examples/socket_server_client.js
[DEBUG] from resource zip => assets/Resources/examples/sockets.js
[DEBUG] from resource zip => assets/Resources/examples/sound.js
[DEBUG] from resource zip => assets/Resources/examples/sound_bg.js
[DEBUG] from resource zip => assets/Resources/examples/sound_file.js
[DEBUG] from resource zip => assets/Resources/examples/sound_file_url.js
[DEBUG] from resource zip => assets/Resources/examples/sound_local.js
[DEBUG] from resource zip => assets/Resources/examples/sound_record.js
[DEBUG] from resource zip => assets/Resources/examples/sound_remote.js
[DEBUG] from resource zip => assets/Resources/examples/sound_remote_url.js
[DEBUG] from resource zip => assets/Resources/examples/sound_session_mode.js
[DEBUG] from resource zip => assets/Resources/examples/statusbar.js
[DEBUG] from resource zip => assets/Resources/examples/strip_tags.js
[DEBUG] from resource zip => assets/Resources/examples/suds.js
[DEBUG] from resource zip => assets/Resources/examples/switch.js
[DEBUG] from resource zip => assets/Resources/examples/system_buttons.js
[DEBUG] from resource zip => assets/Resources/examples/tab_groups.js
[DEBUG] from resource zip => assets/Resources/examples/tabbedbar.js
[DEBUG] from resource zip => assets/Resources/examples/table_view_api_auto_height.js
[DEBUG] from resource zip => assets/Resources/examples/table_view_api_basic.js
[DEBUG] from resource zip => assets/Resources/examples/table_view_api_controls.js
[DEBUG] from resource zip => assets/Resources/examples/table_view_api_custom_footer.js
[DEBUG] from resource zip => assets/Resources/examples/table_view_api_custom_header.js
[DEBUG] from resource zip => assets/Resources/examples/table_view_api_custom_rowheader.js
[DEBUG] from resource zip => assets/Resources/examples/table_view_api_empty_append.js
[DEBUG] from resource zip => assets/Resources/examples/table_view_api_emptydata.js
[DEBUG] from resource zip => assets/Resources/examples/table_view_api_grouped.js
[DEBUG] from resource zip => assets/Resources/examples/table_view_api_remote_images.js
[DEBUG] from resource zip => assets/Resources/examples/table_view_api_search.js
[DEBUG] from resource zip => assets/Resources/examples/table_view_api_sections.js
[DEBUG] from resource zip => assets/Resources/examples/table_view_basic.js
[DEBUG] from resource zip => assets/Resources/examples/table_view_cell_selection.js
[DEBUG] from resource zip => assets/Resources/examples/table_view_composite.js
[DEBUG] from resource zip => assets/Resources/examples/table_view_controls_2.js
[DEBUG] from resource zip => assets/Resources/examples/table_view_custom_rowdata.js
[DEBUG] from resource zip => assets/Resources/examples/table_view_delete.js
[DEBUG] from resource zip => assets/Resources/examples/table_view_delete_2.js
[DEBUG] from resource zip => assets/Resources/examples/table_view_delete_3.js
[DEBUG] from resource zip => assets/Resources/examples/table_view_dynamic_scroll.js
[DEBUG] from resource zip => assets/Resources/examples/table_view_edit_and_move.js
[DEBUG] from resource zip => assets/Resources/examples/table_view_empty.js
[DEBUG] from resource zip => assets/Resources/examples/table_view_events.js
[DEBUG] from resource zip => assets/Resources/examples/table_view_footers.js
[DEBUG] from resource zip => assets/Resources/examples/table_view_grouped_bg_image.js
[DEBUG] from resource zip => assets/Resources/examples/table_view_headers.js
[DEBUG] from resource zip => assets/Resources/examples/table_view_headers_filter.js
[DEBUG] from resource zip => assets/Resources/examples/table_view_layout.js
[DEBUG] from resource zip => assets/Resources/examples/table_view_layout_2.js
[DEBUG] from resource zip => assets/Resources/examples/table_view_layout_3.js
[DEBUG] from resource zip => assets/Resources/examples/table_view_layout_4.js
[DEBUG] from resource zip => assets/Resources/examples/table_view_layout_5.js
[DEBUG] from resource zip => assets/Resources/examples/table_view_move.js
[DEBUG] from resource zip => assets/Resources/examples/table_view_noscroll.js
[DEBUG] from resource zip => assets/Resources/examples/table_view_options.js
[DEBUG] from resource zip => assets/Resources/examples/table_view_perf.js
[DEBUG] from resource zip => assets/Resources/examples/table_view_pull_to_refresh.js
[DEBUG] from resource zip => assets/Resources/examples/table_view_refresh.js
[DEBUG] from resource zip => assets/Resources/examples/table_view_remote_images_2.js
[DEBUG] from resource zip => assets/Resources/examples/table_view_removeall.js
[DEBUG] from resource zip => assets/Resources/examples/table_view_row_append.js
[DEBUG] from resource zip => assets/Resources/examples/table_view_row_delete.js
[DEBUG] from resource zip => assets/Resources/examples/table_view_row_insert.js
[DEBUG] from resource zip => assets/Resources/examples/table_view_row_update.js
[DEBUG] from resource zip => assets/Resources/examples/table_view_scroll_indicators.js
[DEBUG] from resource zip => assets/Resources/examples/table_view_section_header.js
[DEBUG] from resource zip => assets/Resources/examples/table_view_selectable.js
[DEBUG] from resource zip => assets/Resources/examples/table_view_set.js
[DEBUG] from resource zip => assets/Resources/examples/table_view_textfield.js
[DEBUG] from resource zip => assets/Resources/examples/table_view_touch.js
[DEBUG] from resource zip => assets/Resources/examples/table_view_update_row_objects.js
[DEBUG] from resource zip => assets/Resources/examples/table_views.js
[DEBUG] from resource zip => assets/Resources/examples/tabs.js
[DEBUG] from resource zip => assets/Resources/examples/textarea.js
[DEBUG] from resource zip => assets/Resources/examples/textarea_autodetect.js
[DEBUG] from resource zip => assets/Resources/examples/textarea_basic.js
[DEBUG] from resource zip => assets/Resources/examples/textfield.js
[DEBUG] from resource zip => assets/Resources/examples/textfield_borders.js
[DEBUG] from resource zip => assets/Resources/examples/textfield_buttons.js
[DEBUG] from resource zip => assets/Resources/examples/textfield_events.js
[DEBUG] from resource zip => assets/Resources/examples/textfield_keyboards.js
[DEBUG] from resource zip => assets/Resources/examples/textfield_scrollview.js
[DEBUG] from resource zip => assets/Resources/examples/textfield_softinputfocus.js
[DEBUG] from resource zip => assets/Resources/examples/textfield_therest.js
[DEBUG] from resource zip => assets/Resources/examples/textfield_toolbar.js
[DEBUG] from resource zip => assets/Resources/examples/toolbar.js
[DEBUG] from resource zip => assets/Resources/examples/transitions.js
[DEBUG] from resource zip => assets/Resources/examples/twitter.js
[DEBUG] from resource zip => assets/Resources/examples/utils.js
[DEBUG] from resource zip => assets/Resources/examples/version.js
[DEBUG] from resource zip => assets/Resources/examples/vertical_layout.js
[DEBUG] from resource zip => assets/Resources/examples/vertical_layout_basic.js
[DEBUG] from resource zip => assets/Resources/examples/vertical_layout_table_view.js
[DEBUG] from resource zip => assets/Resources/examples/vibrate.js
[DEBUG] from resource zip => assets/Resources/examples/video_edit.js
[DEBUG] from resource zip => assets/Resources/examples/view_animation.js
[DEBUG] from resource zip => assets/Resources/examples/view_event_interaction.js
[DEBUG] from resource zip => assets/Resources/examples/view_event_propagation.js
[DEBUG] from resource zip => assets/Resources/examples/view_events.js
[DEBUG] from resource zip => assets/Resources/examples/view_events_2.js
[DEBUG] from resource zip => assets/Resources/examples/view_hide_show.js
[DEBUG] from resource zip => assets/Resources/examples/view_with_size.js
[DEBUG] from resource zip => assets/Resources/examples/views.js
[DEBUG] from resource zip => assets/Resources/examples/views_auto_height.js
[DEBUG] from resource zip => assets/Resources/examples/views_min_height.js
[DEBUG] from resource zip => assets/Resources/examples/views_zindex.js
[DEBUG] from resource zip => assets/Resources/examples/web_views.js
[DEBUG] from resource zip => assets/Resources/examples/webview_logging.html
[DEBUG] from resource zip => assets/Resources/examples/webview_repaint.js
[DEBUG] from resource zip => assets/Resources/examples/webview_repaint_source.html
[DEBUG] from resource zip => assets/Resources/examples/window_animation.js
[DEBUG] from resource zip => assets/Resources/examples/window_constructor.js
[DEBUG] from resource zip => assets/Resources/examples/window_events.js
[DEBUG] from resource zip => assets/Resources/examples/window_layout.js
[DEBUG] from resource zip => assets/Resources/examples/window_navbar.js
[DEBUG] from resource zip => assets/Resources/examples/window_properties.js
[DEBUG] from resource zip => assets/Resources/examples/window_standalone.js
[DEBUG] from resource zip => assets/Resources/examples/window_toolbar.js
[DEBUG] from resource zip => assets/Resources/examples/xhr.js
[DEBUG] from resource zip => assets/Resources/examples/xhr_binarydata.js
[DEBUG] from resource zip => assets/Resources/examples/xhr_cookie.js
[DEBUG] from resource zip => assets/Resources/examples/xhr_error.js
[DEBUG] from resource zip => assets/Resources/examples/xhr_filedownload.js
[DEBUG] from resource zip => assets/Resources/examples/xhr_fileupload.js
[DEBUG] from resource zip => assets/Resources/examples/xhr_properties.js
[DEBUG] from resource zip => assets/Resources/examples/xhr_settimeout.js
[DEBUG] from resource zip => assets/Resources/examples/xhr_utf8.js
[DEBUG] from resource zip => assets/Resources/examples/xhr_xml.js
[DEBUG] from resource zip => assets/Resources/examples/xml_dom.js
[DEBUG] from resource zip => assets/Resources/examples/xml_rss.js
[DEBUG] from resource zip => assets/Resources/examples/youtube.html
[DEBUG] from resource zip => assets/Resources/examples/yql.js
[DEBUG] from resource zip => assets/Resources/examples/yql_flickr.js
[DEBUG] from resource zip => assets/Resources/main_windows/base_ui.js
[DEBUG] from resource zip => assets/Resources/main_windows/controls.js
[DEBUG] from resource zip => assets/Resources/main_windows/mashups.js
[DEBUG] from resource zip => assets/Resources/main_windows/phone.js
[DEBUG] from resource zip => assets/Resources/main_windows/platform.js
[DEBUG] from resource zip => assets/Resources/KS_nav_ui.png
[DEBUG] from resource zip => assets/Resources/KS_nav_views.png
[DEBUG] from resource zip => assets/Resources/app.js
[DEBUG] from resource zip => assets/Resources/appicon.png
[DEBUG] from resource zip => assets/Resources/default.png
[DEBUG] from resource zip => assets/tiapp.xml
[DEBUG] from resource zip => res/drawable/appicon.png
[DEBUG] from resource zip => res/drawable/background.png
[DEBUG] from resource zip => res/drawable/facebook_icon.png
[DEBUG] from resource zip => res/drawable/facebook_login.png
[DEBUG] from resource zip => res/drawable/facebook_login_down.png
[DEBUG] from resource zip => res/drawable/facebook_login_wide.png
[DEBUG] from resource zip => res/drawable/facebook_login_wide_down.png
[DEBUG] from resource zip => res/drawable/facebook_logout.png
[DEBUG] from resource zip => res/drawable/facebook_logout_down.png
[DEBUG] from resource zip => res/layout/titanium_tabgroup.xml
[DEBUG] from resource zip => AndroidManifest.xml
[DEBUG] from resource zip => resources.arsc
[DEBUG] from resource zip => res/drawable-hdpi/facebook_icon.png
[DEBUG] from resource zip => res/drawable-ldpi/facebook_icon.png
[DEBUG] from resource zip => res/drawable-long-land-hdpi/background.png
[DEBUG] from resource zip => res/drawable-long-land-hdpi/default_d44e27d97b.png
[DEBUG] from resource zip => res/drawable-long-land-ldpi/background.png
[DEBUG] from resource zip => res/drawable-long-land-ldpi/default_d44e27d97b.png
[DEBUG] from resource zip => res/drawable-long-port-hdpi/background.png
[DEBUG] from resource zip => res/drawable-long-port-hdpi/default_d44e27d97b.png
[DEBUG] from resource zip => res/drawable-long-port-ldpi/background.png
[DEBUG] from resource zip => res/drawable-long-port-ldpi/default_d44e27d97b.png
[DEBUG] from resource zip => res/drawable-notlong-land-hdpi/background.png
[DEBUG] from resource zip => res/drawable-notlong-land-hdpi/default_d44e27d97b.png
[DEBUG] from resource zip => res/drawable-notlong-land-ldpi/background.png
[DEBUG] from resource zip => res/drawable-notlong-land-ldpi/default_d44e27d97b.png
[DEBUG] from resource zip => res/drawable-notlong-land-mdpi/background.png
[DEBUG] from resource zip => res/drawable-notlong-land-mdpi/default_d44e27d97b.png
[DEBUG] from resource zip => res/drawable-notlong-port-hdpi/background.png
[DEBUG] from resource zip => res/drawable-notlong-port-hdpi/default_d44e27d97b.png
[DEBUG] from resource zip => res/drawable-notlong-port-ldpi/background.png
[DEBUG] from resource zip => res/drawable-notlong-port-ldpi/default_d44e27d97b.png
[DEBUG] from resource zip => res/drawable-notlong-port-mdpi/background.png
[DEBUG] from resource zip => res/drawable-notlong-port-mdpi/default_d44e27d97b.png
[DEBUG] from JAR /Library/Application Support/Titanium/mobilesdk/osx/1.7.2/android/modules/titanium-yahoo.jar => ti/modules/titanium/yahoo/yahoo.js
[DEBUG] from JAR /Library/Application Support/Titanium/mobilesdk/osx/1.7.2/android/smalljs.jar => org/mozilla/javascript/resources/Messages.properties
[DEBUG] from JAR /Library/Application Support/Titanium/mobilesdk/osx/1.7.2/android/smalljs.jar => org/mozilla/javascript/resources/Messages_fr.properties
[DEBUG] from JAR /Library/Application Support/Titanium/mobilesdk/osx/1.7.2/android/modules/titanium-facebook.jar => ti/modules/titanium/facebook/LICENSE
[DEBUG] from JAR /Library/Application Support/Titanium/mobilesdk/osx/1.7.2/android/titanium.jar => org/apache/Commons-NOTICE.txt
[DEBUG] from JAR /Library/Application Support/Titanium/mobilesdk/osx/1.7.2/android/titanium.jar => org/apache/HttpComponents-NOTICE.txt
[DEBUG] from JAR /Library/Application Support/Titanium/mobilesdk/osx/1.7.2/android/titanium.jar => org/apache/mime4j-NOTICE.txt
[DEBUG] from JAR /Library/Application Support/Titanium/mobilesdk/osx/1.7.2/android/titanium.jar => org/appcelerator/titanium/build.properties
[DEBUG] from JAR /Library/Application Support/Titanium/mobilesdk/osx/1.7.2/android/titanium.jar => org/appcelerator/titanium/res/drawable/background.png
[DEBUG] from JAR /Library/Application Support/Titanium/mobilesdk/osx/1.7.2/android/titanium.jar => org/appcelerator/titanium/res/drawable/btn_check_buttonless_on.png
[DEBUG] from JAR /Library/Application Support/Titanium/mobilesdk/osx/1.7.2/android/titanium.jar => org/appcelerator/titanium/res/drawable/btn_check_buttonless_on_18.png
[DEBUG] from JAR /Library/Application Support/Titanium/mobilesdk/osx/1.7.2/android/titanium.jar => org/appcelerator/titanium/res/drawable/btn_check_buttonless_on_48.png
[DEBUG] from JAR /Library/Application Support/Titanium/mobilesdk/osx/1.7.2/android/titanium.jar => org/appcelerator/titanium/res/drawable/btn_more.png
[DEBUG] from JAR /Library/Application Support/Titanium/mobilesdk/osx/1.7.2/android/titanium.jar => org/appcelerator/titanium/res/drawable/btn_more_18.png
[DEBUG] from JAR /Library/Application Support/Titanium/mobilesdk/osx/1.7.2/android/titanium.jar => org/appcelerator/titanium/res/drawable/btn_more_48.png
[DEBUG] from JAR /Library/Application Support/Titanium/mobilesdk/osx/1.7.2/android/titanium.jar => org/appcelerator/titanium/res/drawable/btn_picker_normal.9.png
[DEBUG] from JAR /Library/Application Support/Titanium/mobilesdk/osx/1.7.2/android/titanium.jar => org/appcelerator/titanium/res/drawable/btn_picker_pressed.9.png
[DEBUG] from JAR /Library/Application Support/Titanium/mobilesdk/osx/1.7.2/android/titanium.jar => org/appcelerator/titanium/res/drawable/btn_picker_selected.9.png
[DEBUG] from JAR /Library/Application Support/Titanium/mobilesdk/osx/1.7.2/android/titanium.jar => org/appcelerator/titanium/res/drawable/default_icon.png
[DEBUG] from JAR /Library/Application Support/Titanium/mobilesdk/osx/1.7.2/android/titanium.jar => org/appcelerator/titanium/res/drawable/photoDefault.png
[DEBUG] from JAR /Library/Application Support/Titanium/mobilesdk/osx/1.7.2/android/modules/titanium-ui.jar => ti/modules/titanium/ui/widget/webview/binding.js
[DEBUG] from JAR /Library/Application Support/Titanium/mobilesdk/osx/1.7.2/android/modules/titanium-ui.jar => ti/modules/titanium/ui/widget/webview/binding.min.js
[DEBUG] from JAR /Library/Application Support/Titanium/mobilesdk/osx/1.7.2/android/modules/titanium-ui.jar => ti/modules/titanium/ui/widget/webview/json2.js
[DEBUG] Waiting for device to be ready ...
[TRACE] adb devices returned 1 devices/emulators
[DEBUG] Device connected... (waited 0 seconds)
[DEBUG] waited 0.014088 seconds on emulator to get ready
[INFO] Installing application on emulator
[INFO] Application installed. Launch from drawer on Home Screen
